<?xml version="1.0" encoding="UTF-8"?>
<!-- Generated by org.testng.reporters.JUnitReportReporter -->
<testsuite hostname="Divakars-MacBook-Pro.local" failures="0" tests="2" name="DataDrivenRESTASSURED.PostDDT" time="4.612" errors="0" timestamp="2022-09-13T12:54:54 PDT" skipped="0">
  <testcase classname="DataDrivenRESTASSURED.PostDDT" name="testpostddt" time="0.497"/>
  <system-out/>
  <testcase classname="DataDrivenRESTASSURED.PostDDT" name="testpostddt" time="4.115"/>
  <system-out/>
</testsuite> <!-- DataDrivenRESTASSURED.PostDDT -->
