<?xml version="1.0" encoding="UTF-8"?>
<!-- Generated by org.testng.reporters.JUnitReportReporter -->
<testsuite hostname="Divakars-MacBook-Pro.local" failures="0" tests="1" name="PostRequest" time="2.557" errors="0" timestamp="2022-08-16T12:30:31 PDT" skipped="0">
  <testcase classname="PostRequest" name="postreq" time="2.557"/>
  <system-out/>
</testsuite> <!-- PostRequest -->
