<?xml version="1.0" encoding="UTF-8"?>
<!-- Generated by org.testng.reporters.JUnitReportReporter -->
<testsuite hostname="Divakars-MacBook-Pro.local" failures="0" tests="1" name="session" time="8.076" errors="0" timestamp="2022-08-23T13:55:09 PDT" skipped="0">
  <testcase classname="session" name="getmethBDD" time="8.076"/>
  <system-out/>
</testsuite> <!-- session -->
