<?xml version="1.0" encoding="UTF-8"?>
<!-- Generated by org.testng.reporters.JUnitReportReporter -->
<testsuite hostname="Divakars-MacBook-Pro.local" failures="0" tests="1" name="DeleteRequestWB" time="7.381" errors="0" timestamp="2022-08-23T14:05:24 PDT" skipped="0">
  <testcase classname="DeleteRequestWB" name="delmethjson" time="7.381"/>
  <system-out/>
</testsuite> <!-- DeleteRequestWB -->
