<?xml version="1.0" encoding="UTF-8"?>
<!-- Generated by org.testng.reporters.JUnitReportReporter -->
<testsuite hostname="Divakars-MacBook-Pro.local" failures="0" tests="1" name="GetRequest" time="2.367" errors="0" timestamp="2022-08-16T12:24:41 PDT" skipped="0">
  <testcase classname="GetRequest" name="getempdetails" time="2.367"/>
  <system-out/>
</testsuite> <!-- GetRequest -->
