<?xml version="1.0" encoding="UTF-8"?>
<!-- Generated by org.testng.reporters.JUnitReportReporter -->
<testsuite hostname="Divakars-MacBook-Pro.local" failures="0" tests="1" name="fromintelj" time="2.605" errors="0" timestamp="2022-08-17T13:40:53 PDT" skipped="0">
  <testcase classname="fromintelj" name="postmethjson" time="2.605"/>
  <system-out/>
</testsuite> <!-- fromintelj -->
