<?xml version="1.0" encoding="UTF-8"?>
<!-- Generated by org.testng.reporters.JUnitReportReporter -->
<testsuite hostname="Divakars-MacBook-Pro.local" failures="0" tests="1" name="PutRequestWB" time="9.293" errors="0" timestamp="2022-08-23T14:08:25 PDT" skipped="0">
  <testcase classname="PutRequestWB" name="putmethjson" time="9.293"/>
  <system-out/>
</testsuite> <!-- PutRequestWB -->
